<?xml version="1.0" encoding="UTF-8"?>
<!-- Generated by org.testng.reporters.JUnitReportReporter -->
<testsuite hostname="DESKTOP-KOE9CHU" failures="0" tests="2" name="TestLayer.PimPage" time="31.036" errors="0" timestamp="2023-07-08T14:50:05 IST" skipped="0">
  <testcase classname="TestLayer.PimPage" name="pimPageLink" time="14.467"/>
  <system-out/>
  <testcase classname="TestLayer.PimPage" name="addMoreDetails" time="16.569"/>
  <system-out/>
</testsuite> <!-- TestLayer.PimPage -->
