<?xml version="1.0" encoding="UTF-8"?>
<!-- Generated by org.testng.reporters.JUnitReportReporter -->
<testsuite hostname="DESKTOP-355R97V" failures="0" tests="2" name="TestLayer1.EmployeeSearchPage" time="0.000" errors="0" timestamp="2023-10-02T16:30:32 IST" skipped="2">
  <testcase classname="TestLayer1.EmployeeSearchPage" name="searchEmployeeByName" time="0.000">
    <skipped/>
  </testcase> <!-- searchEmployeeByName -->
  <system-out/>
  <testcase classname="TestLayer1.EmployeeSearchPage" name="searchEmployeeByName" time="0.000">
    <skipped/>
  </testcase> <!-- searchEmployeeByName -->
  <system-out/>
</testsuite> <!-- TestLayer1.EmployeeSearchPage -->
