<?xml version="1.0" encoding="UTF-8"?>
<!-- Generated by org.testng.reporters.JUnitReportReporter -->
<testsuite hostname="DESKTOP-355R97V" failures="0" tests="4" name="TestLayer1.PimPage" time="0.000" errors="0" timestamp="2023-10-02T16:30:32 IST" skipped="4">
  <testcase classname="TestLayer1.PimPage" name="pimPageLink" time="0.000">
    <skipped/>
  </testcase> <!-- pimPageLink -->
  <system-out/>
  <testcase classname="TestLayer1.PimPage" name="pimPageLink" time="0.000">
    <skipped/>
  </testcase> <!-- pimPageLink -->
  <system-out/>
  <testcase classname="TestLayer1.PimPage" name="addMoreDetails" time="0.000">
    <skipped/>
  </testcase> <!-- addMoreDetails -->
  <system-out/>
  <testcase classname="TestLayer1.PimPage" name="addMoreDetails" time="0.000">
    <skipped/>
  </testcase> <!-- addMoreDetails -->
  <system-out/>
</testsuite> <!-- TestLayer1.PimPage -->
