<?xml version="1.0" encoding="UTF-8"?>
<!-- Generated by org.testng.reporters.JUnitReportReporter -->
<testsuite hostname="DESKTOP-KOE9CHU" failures="0" tests="3" name="TestLayer.HomePage" time="1.773" errors="0" timestamp="2023-07-08T14:50:05 IST" skipped="0">
  <testcase classname="TestLayer.HomePage" name="homePageTitle" time="1.146"/>
  <system-out/>
  <testcase classname="TestLayer.HomePage" name="homePagrUrl" time="0.019"/>
  <system-out/>
  <testcase classname="TestLayer.HomePage" name="homePagrLogo" time="0.608"/>
  <system-out/>
</testsuite> <!-- TestLayer.HomePage -->
