<?xml version="1.0" encoding="UTF-8"?>
<!-- Generated by org.testng.reporters.JUnitReportReporter -->
<testsuite hostname="DESKTOP-KOE9CHU" failures="0" tests="1" name="TestLayer.Loginpage" time="1.752" errors="0" timestamp="2023-07-08T14:50:05 IST" skipped="0">
  <testcase classname="TestLayer.Loginpage" name="validateloginFunctionality" time="1.752"/>
  <system-out/>
</testsuite> <!-- TestLayer.Loginpage -->
